<?xml version="1.0" encoding="utf-8"?><testsuites name="pytest tests"><testsuite name="pytest" errors="0" failures="1" skipped="0" tests="6" time="6.459" timestamp="2026-09-09T13:57:35.545835+00:00" hostname="agent-env-6d2012b8-834c-4196-8c54-001cb8940051"><testcase classname="tests.test_auth" name="test_register_success_and_duplicate" time="0.760" /><testcase classname="tests.test_auth" name="test_admin_login_me_wrong_password" time="0.684" /><testcase classname="tests.test_auth" name="test_logout_clears_cookies" time="0.452" /><testcase classname="tests.test_auth" name="test_brute_force_lockout" time="2.214"><failure message="AssertionError: Expected 429 after 5 fails; got 401, prev=[401, 401, 401, 401, 401]&#10;assert 401 == 429&#10; +  where 401 = &lt;Response [401]&gt;.status_code">backend/tests/test_auth.py:81: in test_brute_force_lockout
    assert r6.status_code == 429, f"Expected 429 after 5 fails; got {r6.status_code}, prev={codes}"
E   AssertionError: Expected 429 after 5 fails; got 401, prev=[401, 401, 401, 401, 401]
E   assert 401 == 429
E    +  where 401 = &lt;Response [401]&gt;.status_code</failure></testcase><testcase classname="tests.test_auth" name="test_forgot_reset_password_flow_and_token_reuse" time="1.420" /><testcase classname="tests.test_auth" name="test_regression_core_endpoints" time="0.414" /></testsuite></testsuites>