<?xml version="1.0" encoding="utf-8"?><testsuites name="pytest tests"><testsuite name="pytest" errors="0" failures="0" skipped="0" tests="4" time="1.334" timestamp="2026-09-08T19:31:53.311896+00:00" hostname="agent-env-6d2012b8-834c-4196-8c54-001cb8940051"><testcase classname="tests.backend_test" name="test_health_and_regional_status" time="0.252" /><testcase classname="tests.backend_test" name="test_analyze_routes_dynamic_inputs" time="0.114" /><testcase classname="tests.backend_test" name="test_incident_create_and_read_persistence" time="0.336" /><testcase classname="tests.backend_test" name="test_analytics_shape" time="0.140" /></testsuite></testsuites>